<?xml version="1.0" encoding="UTF-8"?>
<testsuite xmlns:xsi="http://www.w3.org/2001/XMLSchema-instance" xsi:noNamespaceSchemaLocation="https://maven.apache.org/surefire/maven-surefire-plugin/xsd/surefire-test-report.xsd" name="MainTest" time="1.338" tests="5" errors="0" skipped="0" failures="0">
  <properties>
[...]
</properties>
  <testcase name="testCalculateWordMethod" classname="MainTest" time="0.038"/>
  <testcase name="testTaskAccessModifiers" classname="MainTest" time="0.001"/>
  <testcase name="testRemoveMethod" classname="MainTest" time="0.011"/>
  <testcase name="testFindUniquesMethod" classname="MainTest" time="0.001"/>
  <testcase name="testFindDuplicatesMethod" classname="MainTest" time="0.001"/>
</testsuite>